Wed May 07 13:22:58 CEST 2014 : Apache Derby Server di rete: 10.9.1.0 - (1344872) avviato e pronto ad accettare connessioni sulla porta 1527
----------------------------------------------------------------
Wed May 07 13:23:00 CEST 2014:
Avvio della versione di Derby The Apache Software Foundation - Apache Derby - 10.9.1.0 - (1344872): istanza a816c00e-0145-d66c-1406-ffff9a7649df
su directory database /home/glaxy/Source/SvilAS/src/db/crypto_db  con caricatore classi sun.misc.Launcher$AppClassLoader@1978b0f9 

java.vendor=Oracle Corporation
java.runtime.version=1.7.0_55-b14
user.dir=/home/glaxy/.opt/glassfish-4.0/javadb
derby.system.home=/home/glaxy/Source/SvilAS/src/db
Programma di caricamento classe database avviato - derby.database.classpath=''
----------------------------------------------------------------
Wed May 07 13:23:11 CEST 2014:
Arresto in corso dell'istanza a816c00e-0145-d66c-1406-ffff9a7649df nella directory del database /home/glaxy/Source/SvilAS/src/db/crypto_db con il caricatore di classi sun.misc.Launcher$AppClassLoader@1978b0f9
Wed May 07 13:23:11 CEST 2014 Thread[DRDAConnThread_4,5,main] (DATABASE = crypto_db), (DRDAID = {2}), Arresto database 'crypto_db'.
----------------------------------------------------------------
Wed May 07 13:23:29 CEST 2014:
Avvio della versione di Derby The Apache Software Foundation - Apache Derby - 10.9.1.0 - (1344872): istanza 45b300a8-0145-d66c-1406-ffff9a7649df
su directory database /home/glaxy/Source/SvilAS/src/db/crypto_db  con caricatore classi sun.misc.Launcher$AppClassLoader@1978b0f9 

java.vendor=Oracle Corporation
java.runtime.version=1.7.0_55-b14
user.dir=/home/glaxy/.opt/glassfish-4.0/javadb
derby.system.home=/home/glaxy/Source/SvilAS/src/db
Programma di caricamento classe database avviato - derby.database.classpath=''
----------------------------------------------------------------
Wed May 07 13:26:16 CEST 2014: arresto in corso del motore di Derby
